[ChatReboot] 2018-04-11 23:14:15 [main] INFO  o.a.w.s.SegmentationFactory: 构造分词实现类：org.apdplat.word.segmentation.impl.MaxNgramScore
[ChatReboot] 2018-04-11 23:14:15 [main] INFO  o.a.w.u.WordConfTools: 开始加载配置文件
[ChatReboot] 2018-04-11 23:14:15 [main] INFO  o.a.w.u.WordConfTools: 加载配置文件：word.conf
[ChatReboot] 2018-04-11 23:14:15 [main] INFO  o.a.w.u.WordConfTools: 未找到配置文件：word.local.conf
[ChatReboot] 2018-04-11 23:14:15 [main] INFO  o.a.w.u.WordConfTools: 配置文件加载完毕，耗时3 毫秒，配置项数目：33
[ChatReboot] 2018-04-11 23:14:15 [main] INFO  o.a.w.u.WordConfTools: 配置信息：
[ChatReboot] 2018-04-11 23:14:15 [main] INFO  o.a.w.u.WordConfTools: 1、auto.detect=true
[ChatReboot] 2018-04-11 23:14:15 [main] INFO  o.a.w.u.WordConfTools: 2、bigram.double.array.trie.size=5300000
[ChatReboot] 2018-04-11 23:14:15 [main] INFO  o.a.w.u.WordConfTools: 3、bigram.path=classpath:bigram.txt
[ChatReboot] 2018-04-11 23:14:15 [main] INFO  o.a.w.u.WordConfTools: 4、dic.class=org.apdplat.word.dictionary.impl.DoubleArrayDictionaryTrie
[ChatReboot] 2018-04-11 23:14:15 [main] INFO  o.a.w.u.WordConfTools: 5、dic.dump.path=
[ChatReboot] 2018-04-11 23:14:15 [main] INFO  o.a.w.u.WordConfTools: 6、dic.path=classpath:dic.txt
[ChatReboot] 2018-04-11 23:14:15 [main] INFO  o.a.w.u.WordConfTools: 7、dictionary.trie.index.size=24000
[ChatReboot] 2018-04-11 23:14:15 [main] INFO  o.a.w.u.WordConfTools: 8、double.array.dictionary.trie.size=2600000
[ChatReboot] 2018-04-11 23:14:15 [main] INFO  o.a.w.u.WordConfTools: 9、intercept.length=16
[ChatReboot] 2018-04-11 23:14:15 [main] INFO  o.a.w.u.WordConfTools: 10、keep.punctuation=false
[ChatReboot] 2018-04-11 23:14:15 [main] INFO  o.a.w.u.WordConfTools: 11、keep.whitespace=false
[ChatReboot] 2018-04-11 23:14:15 [main] INFO  o.a.w.u.WordConfTools: 12、ngram=bigram
[ChatReboot] 2018-04-11 23:14:15 [main] INFO  o.a.w.u.WordConfTools: 13、parallel.seg=true
[ChatReboot] 2018-04-11 23:14:15 [main] INFO  o.a.w.u.WordConfTools: 14、part.of.speech.des.path=classpath:part_of_speech_des.txt
[ChatReboot] 2018-04-11 23:14:15 [main] INFO  o.a.w.u.WordConfTools: 15、part.of.speech.dic.path=classpath:part_of_speech_dic.txt
[ChatReboot] 2018-04-11 23:14:15 [main] INFO  o.a.w.u.WordConfTools: 16、person.name.recognize=true
[ChatReboot] 2018-04-11 23:14:15 [main] INFO  o.a.w.u.WordConfTools: 17、punctuation.path=classpath:punctuation.txt
[ChatReboot] 2018-04-11 23:14:15 [main] INFO  o.a.w.u.WordConfTools: 18、quantifier.path=classpath:quantifier.txt
[ChatReboot] 2018-04-11 23:14:15 [main] INFO  o.a.w.u.WordConfTools: 19、recognition.tool.enabled=true
[ChatReboot] 2018-04-11 23:14:15 [main] INFO  o.a.w.u.WordConfTools: 20、redis.host=localhost
[ChatReboot] 2018-04-11 23:14:15 [main] INFO  o.a.w.u.WordConfTools: 21、redis.port=6379
[ChatReboot] 2018-04-11 23:14:15 [main] INFO  o.a.w.u.WordConfTools: 22、stopwords.path=classpath:stopwords.txt
[ChatReboot] 2018-04-11 23:14:15 [main] INFO  o.a.w.u.WordConfTools: 23、surname.path=classpath:surname.txt
[ChatReboot] 2018-04-11 23:14:15 [main] INFO  o.a.w.u.WordConfTools: 24、tagging.antonym=false
[ChatReboot] 2018-04-11 23:14:15 [main] INFO  o.a.w.u.WordConfTools: 25、tagging.pinyin.acronym=false
[ChatReboot] 2018-04-11 23:14:15 [main] INFO  o.a.w.u.WordConfTools: 26、tagging.pinyin.full=false
[ChatReboot] 2018-04-11 23:14:15 [main] INFO  o.a.w.u.WordConfTools: 27、tagging.synonym=false
[ChatReboot] 2018-04-11 23:14:15 [main] INFO  o.a.w.u.WordConfTools: 28、trigram.double.array.trie.size=9800000
[ChatReboot] 2018-04-11 23:14:15 [main] INFO  o.a.w.u.WordConfTools: 29、trigram.path=classpath:trigram.txt
[ChatReboot] 2018-04-11 23:14:15 [main] INFO  o.a.w.u.WordConfTools: 30、word.antonym.path=classpath:word_antonym.txt
[ChatReboot] 2018-04-11 23:14:15 [main] INFO  o.a.w.u.WordConfTools: 31、word.refine.combine.max.length=3
[ChatReboot] 2018-04-11 23:14:15 [main] INFO  o.a.w.u.WordConfTools: 32、word.refine.path=classpath:word_refine.txt
[ChatReboot] 2018-04-11 23:14:15 [main] INFO  o.a.w.u.WordConfTools: 33、word.synonym.path=classpath:word_synonym.txt
[ChatReboot] 2018-04-11 23:14:15 [main] INFO  o.a.w.d.DictionaryFactory: dic.class=org.apdplat.word.dictionary.impl.DoubleArrayDictionaryTrie
[ChatReboot] 2018-04-11 23:14:15 [main] INFO  o.a.w.d.i.DoubleArrayDictionaryTrie: 初始化词典：org.apdplat.word.dictionary.impl.DoubleArrayDictionaryTrie
[ChatReboot] 2018-04-11 23:14:15 [main] INFO  o.a.w.u.AutoDetector: 开始加载资源
[ChatReboot] 2018-04-11 23:14:15 [main] INFO  o.a.w.u.AutoDetector: classpath:dic.txt,classpath:punctuation.txt,classpath:part_of_speech_dic.txt,classpath:word_synonym.txt,classpath:word_antonym.txt
[ChatReboot] 2018-04-11 23:14:15 [main] INFO  o.a.w.u.AutoDetector: 类路径资源：dic.txt
[ChatReboot] 2018-04-11 23:14:15 [main] INFO  o.a.w.u.AutoDetector: 类路径资源URL：jar:file:/C:/Users/poepoem/.m2/repository/org/apdplat/word/1.3/word-1.3.jar!/dic.txt
[ChatReboot] 2018-04-11 23:14:15 [main] INFO  o.a.w.u.AutoDetector: 加载资源：classpath:dic.txt
[ChatReboot] 2018-04-11 23:14:16 [main] INFO  o.a.w.u.AutoDetector: 类路径资源：punctuation.txt
[ChatReboot] 2018-04-11 23:14:16 [main] INFO  o.a.w.u.AutoDetector: 类路径资源URL：jar:file:/C:/Users/poepoem/.m2/repository/org/apdplat/word/1.3/word-1.3.jar!/punctuation.txt
[ChatReboot] 2018-04-11 23:14:16 [main] INFO  o.a.w.u.AutoDetector: 加载资源：classpath:punctuation.txt
[ChatReboot] 2018-04-11 23:14:16 [main] INFO  o.a.w.u.AutoDetector: 类路径资源：part_of_speech_dic.txt
[ChatReboot] 2018-04-11 23:14:16 [main] INFO  o.a.w.u.AutoDetector: 类路径资源URL：jar:file:/C:/Users/poepoem/.m2/repository/org/apdplat/word/1.3/word-1.3.jar!/part_of_speech_dic.txt
[ChatReboot] 2018-04-11 23:14:16 [main] INFO  o.a.w.u.AutoDetector: 加载资源：classpath:part_of_speech_dic.txt
[ChatReboot] 2018-04-11 23:14:16 [main] INFO  o.a.w.u.AutoDetector: 类路径资源：word_synonym.txt
[ChatReboot] 2018-04-11 23:14:16 [main] INFO  o.a.w.u.AutoDetector: 类路径资源URL：jar:file:/C:/Users/poepoem/.m2/repository/org/apdplat/word/1.3/word-1.3.jar!/word_synonym.txt
[ChatReboot] 2018-04-11 23:14:16 [main] INFO  o.a.w.u.AutoDetector: 加载资源：classpath:word_synonym.txt
[ChatReboot] 2018-04-11 23:14:16 [main] INFO  o.a.w.u.AutoDetector: 类路径资源：word_antonym.txt
[ChatReboot] 2018-04-11 23:14:16 [main] INFO  o.a.w.u.AutoDetector: 类路径资源URL：jar:file:/C:/Users/poepoem/.m2/repository/org/apdplat/word/1.3/word-1.3.jar!/word_antonym.txt
[ChatReboot] 2018-04-11 23:14:16 [main] INFO  o.a.w.u.AutoDetector: 加载资源：classpath:word_antonym.txt
[ChatReboot] 2018-04-11 23:14:16 [main] INFO  o.a.w.u.AutoDetector: 加载资源 1091310 行
[ChatReboot] 2018-04-11 23:14:16 [main] INFO  o.a.w.d.DictionaryFactory: 初始化词典
[ChatReboot] 2018-04-11 23:14:16 [main] INFO  o.a.w.u.AutoDetector: 开始加载资源
[ChatReboot] 2018-04-11 23:14:16 [main] INFO  o.a.w.u.AutoDetector: classpath:surname.txt
[ChatReboot] 2018-04-11 23:14:16 [main] INFO  o.a.w.u.AutoDetector: 类路径资源：surname.txt
[ChatReboot] 2018-04-11 23:14:16 [main] INFO  o.a.w.u.AutoDetector: 类路径资源URL：jar:file:/C:/Users/poepoem/.m2/repository/org/apdplat/word/1.3/word-1.3.jar!/surname.txt
[ChatReboot] 2018-04-11 23:14:16 [main] INFO  o.a.w.u.AutoDetector: 加载资源：classpath:surname.txt
[ChatReboot] 2018-04-11 23:14:16 [main] INFO  o.a.w.u.AutoDetector: 加载资源 508 行
[ChatReboot] 2018-04-11 23:14:16 [main] INFO  o.a.w.r.PersonName: 初始化百家姓
[ChatReboot] 2018-04-11 23:14:16 [main] INFO  o.a.w.r.PersonName: 百家姓初始化完毕，单姓个数：446，复姓个数：60
[ChatReboot] 2018-04-11 23:14:16 [main] INFO  o.a.w.u.AutoDetector: 完成加载资源，耗时2 毫秒
[ChatReboot] 2018-04-11 23:14:16 [main] INFO  o.a.w.d.DictionaryFactory: 将 60 个复姓加入词典
[ChatReboot] 2018-04-11 23:14:26 [main] INFO  o.a.w.d.DictionaryFactory: 词数目：677844，词典最大词长：16
[ChatReboot] 2018-04-11 23:14:26 [main] INFO  o.a.w.d.DictionaryFactory: 词长  1 的词数为：47
[ChatReboot] 2018-04-11 23:14:26 [main] INFO  o.a.w.d.DictionaryFactory: 词长  2 的词数为：213334
[ChatReboot] 2018-04-11 23:14:26 [main] INFO  o.a.w.d.DictionaryFactory: 词长  3 的词数为：289749
[ChatReboot] 2018-04-11 23:14:26 [main] INFO  o.a.w.d.DictionaryFactory: 词长  4 的词数为：158964
[ChatReboot] 2018-04-11 23:14:26 [main] INFO  o.a.w.d.DictionaryFactory: 词长  5 的词数为：6139
[ChatReboot] 2018-04-11 23:14:26 [main] INFO  o.a.w.d.DictionaryFactory: 词长  6 的词数为：3746
[ChatReboot] 2018-04-11 23:14:26 [main] INFO  o.a.w.d.DictionaryFactory: 词长  7 的词数为：2205
[ChatReboot] 2018-04-11 23:14:26 [main] INFO  o.a.w.d.DictionaryFactory: 词长  8 的词数为：1321
[ChatReboot] 2018-04-11 23:14:26 [main] INFO  o.a.w.d.DictionaryFactory: 词长  9 的词数为：797
[ChatReboot] 2018-04-11 23:14:26 [main] INFO  o.a.w.d.DictionaryFactory: 词长 10 的词数为：632
[ChatReboot] 2018-04-11 23:14:26 [main] INFO  o.a.w.d.DictionaryFactory: 词长 11 的词数为：312
[ChatReboot] 2018-04-11 23:14:26 [main] INFO  o.a.w.d.DictionaryFactory: 词长 12 的词数为：282
[ChatReboot] 2018-04-11 23:14:26 [main] INFO  o.a.w.d.DictionaryFactory: 词长 13 的词数为：124
[ChatReboot] 2018-04-11 23:14:26 [main] INFO  o.a.w.d.DictionaryFactory: 词长 14 的词数为：116
[ChatReboot] 2018-04-11 23:14:26 [main] INFO  o.a.w.d.DictionaryFactory: 词长 15 的词数为：51
[ChatReboot] 2018-04-11 23:14:26 [main] INFO  o.a.w.d.DictionaryFactory: 词长 16 的词数为：25
[ChatReboot] 2018-04-11 23:14:26 [main] INFO  o.a.w.d.DictionaryFactory: 词典平均词长：3.0032012
[ChatReboot] 2018-04-11 23:14:26 [main] INFO  o.a.w.d.DictionaryFactory: 词典初始化完毕，耗时：10318 毫秒
[ChatReboot] 2018-04-11 23:14:26 [main] INFO  o.a.w.u.AutoDetector: 完成加载资源，耗时10600 毫秒
[ChatReboot] 2018-04-11 23:14:26 [main] INFO  o.a.w.u.AutoDetector: 开始加载资源
[ChatReboot] 2018-04-11 23:14:26 [main] INFO  o.a.w.u.AutoDetector: classpath:punctuation.txt
[ChatReboot] 2018-04-11 23:14:26 [main] INFO  o.a.w.u.AutoDetector: 类路径资源：punctuation.txt
[ChatReboot] 2018-04-11 23:14:26 [main] INFO  o.a.w.u.AutoDetector: 类路径资源URL：jar:file:/C:/Users/poepoem/.m2/repository/org/apdplat/word/1.3/word-1.3.jar!/punctuation.txt
[ChatReboot] 2018-04-11 23:14:26 [main] INFO  o.a.w.u.AutoDetector: 加载资源：classpath:punctuation.txt
[ChatReboot] 2018-04-11 23:14:26 [main] INFO  o.a.w.u.AutoDetector: 加载资源 48 行
[ChatReboot] 2018-04-11 23:14:26 [main] INFO  o.a.w.r.Punctuation: 初始化标点符号
[ChatReboot] 2018-04-11 23:14:26 [main] INFO  o.a.w.r.Punctuation: 标点符号初始化完毕，标点符号个数：52
[ChatReboot] 2018-04-11 23:14:26 [main] INFO  o.a.w.u.AutoDetector: 完成加载资源，耗时2 毫秒
[ChatReboot] 2018-04-11 23:14:26 [ForkJoinPool.commonPool-worker-1] INFO  o.a.w.u.AutoDetector: 开始加载资源
[ChatReboot] 2018-04-11 23:14:26 [ForkJoinPool.commonPool-worker-1] INFO  o.a.w.u.AutoDetector: classpath:quantifier.txt
[ChatReboot] 2018-04-11 23:14:26 [ForkJoinPool.commonPool-worker-1] INFO  o.a.w.u.AutoDetector: 类路径资源：quantifier.txt
[ChatReboot] 2018-04-11 23:14:26 [ForkJoinPool.commonPool-worker-1] INFO  o.a.w.u.AutoDetector: 类路径资源URL：jar:file:/C:/Users/poepoem/.m2/repository/org/apdplat/word/1.3/word-1.3.jar!/quantifier.txt
[ChatReboot] 2018-04-11 23:14:26 [ForkJoinPool.commonPool-worker-1] INFO  o.a.w.u.AutoDetector: 加载资源：classpath:quantifier.txt
[ChatReboot] 2018-04-11 23:14:26 [ForkJoinPool.commonPool-worker-1] INFO  o.a.w.u.AutoDetector: 加载资源 164 行
[ChatReboot] 2018-04-11 23:14:26 [ForkJoinPool.commonPool-worker-1] INFO  o.a.w.r.Quantifier: 初始化数量词
[ChatReboot] 2018-04-11 23:14:26 [ForkJoinPool.commonPool-worker-1] INFO  o.a.w.r.Quantifier: 数量词初始化完毕，数量词个数：164
[ChatReboot] 2018-04-11 23:14:26 [ForkJoinPool.commonPool-worker-1] INFO  o.a.w.u.AutoDetector: 完成加载资源，耗时2 毫秒
[ChatReboot] 2018-04-11 23:14:26 [main] INFO  o.a.w.u.AutoDetector: 开始加载资源
[ChatReboot] 2018-04-11 23:14:26 [main] INFO  o.a.w.u.AutoDetector: classpath:bigram.txt
[ChatReboot] 2018-04-11 23:14:26 [main] INFO  o.a.w.u.AutoDetector: 类路径资源：bigram.txt
[ChatReboot] 2018-04-11 23:14:26 [main] INFO  o.a.w.u.AutoDetector: 类路径资源URL：jar:file:/C:/Users/poepoem/.m2/repository/org/apdplat/word/1.3/word-1.3.jar!/bigram.txt
[ChatReboot] 2018-04-11 23:14:26 [main] INFO  o.a.w.u.AutoDetector: 加载资源：classpath:bigram.txt
[ChatReboot] 2018-04-11 23:14:26 [main] INFO  o.a.w.u.AutoDetector: 加载资源 1519443 行
[ChatReboot] 2018-04-11 23:14:26 [main] INFO  o.a.w.c.Bigram: 初始化bigram
[ChatReboot] 2018-04-11 23:14:50 [main] INFO  o.a.w.c.Bigram: bigram初始化完毕，bigram数据条数：1519443
[ChatReboot] 2018-04-11 23:14:50 [main] INFO  o.a.w.u.AutoDetector: 完成加载资源，耗时23898 毫秒
[ChatReboot] 2018-04-11 23:14:50 [main] INFO  o.a.w.u.AutoDetector: 开始加载资源
[ChatReboot] 2018-04-11 23:14:50 [main] INFO  o.a.w.u.AutoDetector: classpath:stopwords.txt
[ChatReboot] 2018-04-11 23:14:50 [main] INFO  o.a.w.u.AutoDetector: 类路径资源：stopwords.txt
[ChatReboot] 2018-04-11 23:14:50 [main] INFO  o.a.w.u.AutoDetector: 类路径资源URL：jar:file:/C:/Users/poepoem/.m2/repository/org/apdplat/word/1.3/word-1.3.jar!/stopwords.txt
[ChatReboot] 2018-04-11 23:14:50 [main] INFO  o.a.w.u.AutoDetector: 加载资源：classpath:stopwords.txt
[ChatReboot] 2018-04-11 23:14:50 [main] INFO  o.a.w.u.AutoDetector: 加载资源 1482 行
[ChatReboot] 2018-04-11 23:14:50 [main] INFO  o.a.w.r.StopWord: 初始化停用词
[ChatReboot] 2018-04-11 23:14:50 [main] INFO  o.a.w.r.StopWord: 停用词初始化完毕，停用词个数：1482
[ChatReboot] 2018-04-11 23:14:50 [main] INFO  o.a.w.u.AutoDetector: 完成加载资源，耗时3 毫秒
[ChatReboot] 2018-04-11 23:15:37 [main] INFO  o.a.w.s.SegmentationFactory: 构造分词实现类：org.apdplat.word.segmentation.impl.MaxNgramScore
[ChatReboot] 2018-04-11 23:15:37 [main] INFO  o.a.w.u.WordConfTools: 开始加载配置文件
[ChatReboot] 2018-04-11 23:15:37 [main] INFO  o.a.w.u.WordConfTools: 加载配置文件：word.conf
[ChatReboot] 2018-04-11 23:15:37 [main] INFO  o.a.w.u.WordConfTools: 未找到配置文件：word.local.conf
[ChatReboot] 2018-04-11 23:15:37 [main] INFO  o.a.w.u.WordConfTools: 配置文件加载完毕，耗时3 毫秒，配置项数目：33
[ChatReboot] 2018-04-11 23:15:37 [main] INFO  o.a.w.u.WordConfTools: 配置信息：
[ChatReboot] 2018-04-11 23:15:37 [main] INFO  o.a.w.u.WordConfTools: 1、auto.detect=true
[ChatReboot] 2018-04-11 23:15:37 [main] INFO  o.a.w.u.WordConfTools: 2、bigram.double.array.trie.size=5300000
[ChatReboot] 2018-04-11 23:15:37 [main] INFO  o.a.w.u.WordConfTools: 3、bigram.path=classpath:bigram.txt
[ChatReboot] 2018-04-11 23:15:37 [main] INFO  o.a.w.u.WordConfTools: 4、dic.class=org.apdplat.word.dictionary.impl.DoubleArrayDictionaryTrie
[ChatReboot] 2018-04-11 23:15:37 [main] INFO  o.a.w.u.WordConfTools: 5、dic.dump.path=
[ChatReboot] 2018-04-11 23:15:37 [main] INFO  o.a.w.u.WordConfTools: 6、dic.path=classpath:dic.txt
[ChatReboot] 2018-04-11 23:15:37 [main] INFO  o.a.w.u.WordConfTools: 7、dictionary.trie.index.size=24000
[ChatReboot] 2018-04-11 23:15:37 [main] INFO  o.a.w.u.WordConfTools: 8、double.array.dictionary.trie.size=2600000
[ChatReboot] 2018-04-11 23:15:37 [main] INFO  o.a.w.u.WordConfTools: 9、intercept.length=16
[ChatReboot] 2018-04-11 23:15:37 [main] INFO  o.a.w.u.WordConfTools: 10、keep.punctuation=false
[ChatReboot] 2018-04-11 23:15:37 [main] INFO  o.a.w.u.WordConfTools: 11、keep.whitespace=false
[ChatReboot] 2018-04-11 23:15:37 [main] INFO  o.a.w.u.WordConfTools: 12、ngram=bigram
[ChatReboot] 2018-04-11 23:15:37 [main] INFO  o.a.w.u.WordConfTools: 13、parallel.seg=true
[ChatReboot] 2018-04-11 23:15:37 [main] INFO  o.a.w.u.WordConfTools: 14、part.of.speech.des.path=classpath:part_of_speech_des.txt
[ChatReboot] 2018-04-11 23:15:37 [main] INFO  o.a.w.u.WordConfTools: 15、part.of.speech.dic.path=classpath:part_of_speech_dic.txt
[ChatReboot] 2018-04-11 23:15:37 [main] INFO  o.a.w.u.WordConfTools: 16、person.name.recognize=true
[ChatReboot] 2018-04-11 23:15:37 [main] INFO  o.a.w.u.WordConfTools: 17、punctuation.path=classpath:punctuation.txt
[ChatReboot] 2018-04-11 23:15:37 [main] INFO  o.a.w.u.WordConfTools: 18、quantifier.path=classpath:quantifier.txt
[ChatReboot] 2018-04-11 23:15:37 [main] INFO  o.a.w.u.WordConfTools: 19、recognition.tool.enabled=true
[ChatReboot] 2018-04-11 23:15:37 [main] INFO  o.a.w.u.WordConfTools: 20、redis.host=localhost
[ChatReboot] 2018-04-11 23:15:37 [main] INFO  o.a.w.u.WordConfTools: 21、redis.port=6379
[ChatReboot] 2018-04-11 23:15:37 [main] INFO  o.a.w.u.WordConfTools: 22、stopwords.path=classpath:stopwords.txt
[ChatReboot] 2018-04-11 23:15:37 [main] INFO  o.a.w.u.WordConfTools: 23、surname.path=classpath:surname.txt
[ChatReboot] 2018-04-11 23:15:37 [main] INFO  o.a.w.u.WordConfTools: 24、tagging.antonym=false
[ChatReboot] 2018-04-11 23:15:37 [main] INFO  o.a.w.u.WordConfTools: 25、tagging.pinyin.acronym=false
[ChatReboot] 2018-04-11 23:15:37 [main] INFO  o.a.w.u.WordConfTools: 26、tagging.pinyin.full=false
[ChatReboot] 2018-04-11 23:15:37 [main] INFO  o.a.w.u.WordConfTools: 27、tagging.synonym=false
[ChatReboot] 2018-04-11 23:15:37 [main] INFO  o.a.w.u.WordConfTools: 28、trigram.double.array.trie.size=9800000
[ChatReboot] 2018-04-11 23:15:37 [main] INFO  o.a.w.u.WordConfTools: 29、trigram.path=classpath:trigram.txt
[ChatReboot] 2018-04-11 23:15:37 [main] INFO  o.a.w.u.WordConfTools: 30、word.antonym.path=classpath:word_antonym.txt
[ChatReboot] 2018-04-11 23:15:37 [main] INFO  o.a.w.u.WordConfTools: 31、word.refine.combine.max.length=3
[ChatReboot] 2018-04-11 23:15:37 [main] INFO  o.a.w.u.WordConfTools: 32、word.refine.path=classpath:word_refine.txt
[ChatReboot] 2018-04-11 23:15:37 [main] INFO  o.a.w.u.WordConfTools: 33、word.synonym.path=classpath:word_synonym.txt
[ChatReboot] 2018-04-11 23:15:37 [main] INFO  o.a.w.d.DictionaryFactory: dic.class=org.apdplat.word.dictionary.impl.DoubleArrayDictionaryTrie
[ChatReboot] 2018-04-11 23:15:37 [main] INFO  o.a.w.d.i.DoubleArrayDictionaryTrie: 初始化词典：org.apdplat.word.dictionary.impl.DoubleArrayDictionaryTrie
[ChatReboot] 2018-04-11 23:15:37 [main] INFO  o.a.w.u.AutoDetector: 开始加载资源
[ChatReboot] 2018-04-11 23:15:37 [main] INFO  o.a.w.u.AutoDetector: classpath:dic.txt,classpath:punctuation.txt,classpath:part_of_speech_dic.txt,classpath:word_synonym.txt,classpath:word_antonym.txt
[ChatReboot] 2018-04-11 23:15:37 [main] INFO  o.a.w.u.AutoDetector: 类路径资源：dic.txt
[ChatReboot] 2018-04-11 23:15:37 [main] INFO  o.a.w.u.AutoDetector: 类路径资源URL：jar:file:/C:/Users/poepoem/.m2/repository/org/apdplat/word/1.3/word-1.3.jar!/dic.txt
[ChatReboot] 2018-04-11 23:15:37 [main] INFO  o.a.w.u.AutoDetector: 加载资源：classpath:dic.txt
[ChatReboot] 2018-04-11 23:15:37 [main] INFO  o.a.w.u.AutoDetector: 类路径资源：punctuation.txt
[ChatReboot] 2018-04-11 23:15:37 [main] INFO  o.a.w.u.AutoDetector: 类路径资源URL：jar:file:/C:/Users/poepoem/.m2/repository/org/apdplat/word/1.3/word-1.3.jar!/punctuation.txt
[ChatReboot] 2018-04-11 23:15:37 [main] INFO  o.a.w.u.AutoDetector: 加载资源：classpath:punctuation.txt
[ChatReboot] 2018-04-11 23:15:37 [main] INFO  o.a.w.u.AutoDetector: 类路径资源：part_of_speech_dic.txt
[ChatReboot] 2018-04-11 23:15:37 [main] INFO  o.a.w.u.AutoDetector: 类路径资源URL：jar:file:/C:/Users/poepoem/.m2/repository/org/apdplat/word/1.3/word-1.3.jar!/part_of_speech_dic.txt
[ChatReboot] 2018-04-11 23:15:37 [main] INFO  o.a.w.u.AutoDetector: 加载资源：classpath:part_of_speech_dic.txt
[ChatReboot] 2018-04-11 23:15:37 [main] INFO  o.a.w.u.AutoDetector: 类路径资源：word_synonym.txt
[ChatReboot] 2018-04-11 23:15:37 [main] INFO  o.a.w.u.AutoDetector: 类路径资源URL：jar:file:/C:/Users/poepoem/.m2/repository/org/apdplat/word/1.3/word-1.3.jar!/word_synonym.txt
[ChatReboot] 2018-04-11 23:15:37 [main] INFO  o.a.w.u.AutoDetector: 加载资源：classpath:word_synonym.txt
[ChatReboot] 2018-04-11 23:15:37 [main] INFO  o.a.w.u.AutoDetector: 类路径资源：word_antonym.txt
[ChatReboot] 2018-04-11 23:15:37 [main] INFO  o.a.w.u.AutoDetector: 类路径资源URL：jar:file:/C:/Users/poepoem/.m2/repository/org/apdplat/word/1.3/word-1.3.jar!/word_antonym.txt
[ChatReboot] 2018-04-11 23:15:37 [main] INFO  o.a.w.u.AutoDetector: 加载资源：classpath:word_antonym.txt
[ChatReboot] 2018-04-11 23:15:37 [main] INFO  o.a.w.u.AutoDetector: 加载资源 1091310 行
[ChatReboot] 2018-04-11 23:15:37 [main] INFO  o.a.w.d.DictionaryFactory: 初始化词典
[ChatReboot] 2018-04-11 23:15:37 [main] INFO  o.a.w.u.AutoDetector: 开始加载资源
[ChatReboot] 2018-04-11 23:15:37 [main] INFO  o.a.w.u.AutoDetector: classpath:surname.txt
[ChatReboot] 2018-04-11 23:15:37 [main] INFO  o.a.w.u.AutoDetector: 类路径资源：surname.txt
[ChatReboot] 2018-04-11 23:15:37 [main] INFO  o.a.w.u.AutoDetector: 类路径资源URL：jar:file:/C:/Users/poepoem/.m2/repository/org/apdplat/word/1.3/word-1.3.jar!/surname.txt
[ChatReboot] 2018-04-11 23:15:37 [main] INFO  o.a.w.u.AutoDetector: 加载资源：classpath:surname.txt
[ChatReboot] 2018-04-11 23:15:37 [main] INFO  o.a.w.u.AutoDetector: 加载资源 508 行
[ChatReboot] 2018-04-11 23:15:37 [main] INFO  o.a.w.r.PersonName: 初始化百家姓
[ChatReboot] 2018-04-11 23:15:37 [main] INFO  o.a.w.r.PersonName: 百家姓初始化完毕，单姓个数：446，复姓个数：60
[ChatReboot] 2018-04-11 23:15:37 [main] INFO  o.a.w.u.AutoDetector: 完成加载资源，耗时3 毫秒
[ChatReboot] 2018-04-11 23:15:37 [main] INFO  o.a.w.d.DictionaryFactory: 将 60 个复姓加入词典
[ChatReboot] 2018-04-11 23:15:47 [main] INFO  o.a.w.d.DictionaryFactory: 词数目：677844，词典最大词长：16
[ChatReboot] 2018-04-11 23:15:47 [main] INFO  o.a.w.d.DictionaryFactory: 词长  1 的词数为：47
[ChatReboot] 2018-04-11 23:15:47 [main] INFO  o.a.w.d.DictionaryFactory: 词长  2 的词数为：213334
[ChatReboot] 2018-04-11 23:15:47 [main] INFO  o.a.w.d.DictionaryFactory: 词长  3 的词数为：289749
[ChatReboot] 2018-04-11 23:15:47 [main] INFO  o.a.w.d.DictionaryFactory: 词长  4 的词数为：158964
[ChatReboot] 2018-04-11 23:15:47 [main] INFO  o.a.w.d.DictionaryFactory: 词长  5 的词数为：6139
[ChatReboot] 2018-04-11 23:15:47 [main] INFO  o.a.w.d.DictionaryFactory: 词长  6 的词数为：3746
[ChatReboot] 2018-04-11 23:15:47 [main] INFO  o.a.w.d.DictionaryFactory: 词长  7 的词数为：2205
[ChatReboot] 2018-04-11 23:15:47 [main] INFO  o.a.w.d.DictionaryFactory: 词长  8 的词数为：1321
[ChatReboot] 2018-04-11 23:15:47 [main] INFO  o.a.w.d.DictionaryFactory: 词长  9 的词数为：797
[ChatReboot] 2018-04-11 23:15:47 [main] INFO  o.a.w.d.DictionaryFactory: 词长 10 的词数为：632
[ChatReboot] 2018-04-11 23:15:47 [main] INFO  o.a.w.d.DictionaryFactory: 词长 11 的词数为：312
[ChatReboot] 2018-04-11 23:15:47 [main] INFO  o.a.w.d.DictionaryFactory: 词长 12 的词数为：282
[ChatReboot] 2018-04-11 23:15:47 [main] INFO  o.a.w.d.DictionaryFactory: 词长 13 的词数为：124
[ChatReboot] 2018-04-11 23:15:47 [main] INFO  o.a.w.d.DictionaryFactory: 词长 14 的词数为：116
[ChatReboot] 2018-04-11 23:15:47 [main] INFO  o.a.w.d.DictionaryFactory: 词长 15 的词数为：51
[ChatReboot] 2018-04-11 23:15:47 [main] INFO  o.a.w.d.DictionaryFactory: 词长 16 的词数为：25
[ChatReboot] 2018-04-11 23:15:47 [main] INFO  o.a.w.d.DictionaryFactory: 词典平均词长：3.0032012
[ChatReboot] 2018-04-11 23:15:47 [main] INFO  o.a.w.d.DictionaryFactory: 词典初始化完毕，耗时：10218 毫秒
[ChatReboot] 2018-04-11 23:15:47 [main] INFO  o.a.w.u.AutoDetector: 完成加载资源，耗时10511 毫秒
[ChatReboot] 2018-04-11 23:15:47 [main] INFO  o.a.w.u.AutoDetector: 开始加载资源
[ChatReboot] 2018-04-11 23:15:47 [main] INFO  o.a.w.u.AutoDetector: classpath:punctuation.txt
[ChatReboot] 2018-04-11 23:15:47 [main] INFO  o.a.w.u.AutoDetector: 类路径资源：punctuation.txt
[ChatReboot] 2018-04-11 23:15:47 [main] INFO  o.a.w.u.AutoDetector: 类路径资源URL：jar:file:/C:/Users/poepoem/.m2/repository/org/apdplat/word/1.3/word-1.3.jar!/punctuation.txt
[ChatReboot] 2018-04-11 23:15:47 [main] INFO  o.a.w.u.AutoDetector: 加载资源：classpath:punctuation.txt
[ChatReboot] 2018-04-11 23:15:47 [main] INFO  o.a.w.u.AutoDetector: 加载资源 48 行
[ChatReboot] 2018-04-11 23:15:47 [main] INFO  o.a.w.r.Punctuation: 初始化标点符号
[ChatReboot] 2018-04-11 23:15:47 [main] INFO  o.a.w.r.Punctuation: 标点符号初始化完毕，标点符号个数：52
[ChatReboot] 2018-04-11 23:15:47 [main] INFO  o.a.w.u.AutoDetector: 完成加载资源，耗时1 毫秒
[ChatReboot] 2018-04-11 23:15:47 [main] INFO  o.a.w.u.AutoDetector: 开始加载资源
[ChatReboot] 2018-04-11 23:15:47 [main] INFO  o.a.w.u.AutoDetector: classpath:quantifier.txt
[ChatReboot] 2018-04-11 23:15:47 [main] INFO  o.a.w.u.AutoDetector: 类路径资源：quantifier.txt
[ChatReboot] 2018-04-11 23:15:47 [main] INFO  o.a.w.u.AutoDetector: 类路径资源URL：jar:file:/C:/Users/poepoem/.m2/repository/org/apdplat/word/1.3/word-1.3.jar!/quantifier.txt
[ChatReboot] 2018-04-11 23:15:47 [main] INFO  o.a.w.u.AutoDetector: 加载资源：classpath:quantifier.txt
[ChatReboot] 2018-04-11 23:15:47 [main] INFO  o.a.w.u.AutoDetector: 加载资源 164 行
[ChatReboot] 2018-04-11 23:15:47 [main] INFO  o.a.w.r.Quantifier: 初始化数量词
[ChatReboot] 2018-04-11 23:15:47 [main] INFO  o.a.w.r.Quantifier: 数量词初始化完毕，数量词个数：164
[ChatReboot] 2018-04-11 23:15:47 [main] INFO  o.a.w.u.AutoDetector: 完成加载资源，耗时2 毫秒
[ChatReboot] 2018-04-11 23:15:47 [main] INFO  o.a.w.u.AutoDetector: 开始加载资源
[ChatReboot] 2018-04-11 23:15:47 [main] INFO  o.a.w.u.AutoDetector: classpath:bigram.txt
[ChatReboot] 2018-04-11 23:15:47 [main] INFO  o.a.w.u.AutoDetector: 类路径资源：bigram.txt
[ChatReboot] 2018-04-11 23:15:47 [main] INFO  o.a.w.u.AutoDetector: 类路径资源URL：jar:file:/C:/Users/poepoem/.m2/repository/org/apdplat/word/1.3/word-1.3.jar!/bigram.txt
[ChatReboot] 2018-04-11 23:15:47 [main] INFO  o.a.w.u.AutoDetector: 加载资源：classpath:bigram.txt
[ChatReboot] 2018-04-11 23:15:48 [main] INFO  o.a.w.u.AutoDetector: 加载资源 1519443 行
[ChatReboot] 2018-04-11 23:15:48 [main] INFO  o.a.w.c.Bigram: 初始化bigram
[ChatReboot] 2018-04-11 23:16:12 [main] INFO  o.a.w.c.Bigram: bigram初始化完毕，bigram数据条数：1519443
[ChatReboot] 2018-04-11 23:16:12 [main] INFO  o.a.w.u.AutoDetector: 完成加载资源，耗时24776 毫秒
[ChatReboot] 2018-04-11 23:16:12 [main] INFO  o.a.w.u.AutoDetector: 开始加载资源
[ChatReboot] 2018-04-11 23:16:12 [main] INFO  o.a.w.u.AutoDetector: classpath:stopwords.txt
[ChatReboot] 2018-04-11 23:16:12 [main] INFO  o.a.w.u.AutoDetector: 类路径资源：stopwords.txt
[ChatReboot] 2018-04-11 23:16:12 [main] INFO  o.a.w.u.AutoDetector: 类路径资源URL：jar:file:/C:/Users/poepoem/.m2/repository/org/apdplat/word/1.3/word-1.3.jar!/stopwords.txt
[ChatReboot] 2018-04-11 23:16:12 [main] INFO  o.a.w.u.AutoDetector: 加载资源：classpath:stopwords.txt
[ChatReboot] 2018-04-11 23:16:12 [main] INFO  o.a.w.u.AutoDetector: 加载资源 1482 行
[ChatReboot] 2018-04-11 23:16:12 [main] INFO  o.a.w.r.StopWord: 初始化停用词
[ChatReboot] 2018-04-11 23:16:12 [main] INFO  o.a.w.r.StopWord: 停用词初始化完毕，停用词个数：1482
[ChatReboot] 2018-04-11 23:16:12 [main] INFO  o.a.w.u.AutoDetector: 完成加载资源，耗时3 毫秒
